<?xml version="1.0" encoding="UTF-8"?>
<testng-results skipped="0" failed="0" ignored="0" total="3" passed="3">
  <reporter-output>
  </reporter-output>
  <suite name="Default suite" duration-ms="41141" started-at="2020-08-23T07:58:30 IST" finished-at="2020-08-23T07:59:11 IST">
    <groups>
      <group name="cucumber">
        <method signature="AbstractTestNGCucumberTests.runScenario(cucumber.api.testng.PickleEventWrapper, cucumber.api.testng.CucumberFeatureWrapper)[pri:0, instance:Runner.CreateLeadRunner@1f7030a6]" name="runScenario" class="cucumber.api.testng.AbstractTestNGCucumberTests"/>
      </group> <!-- cucumber -->
    </groups>
    <test name="Default test" duration-ms="41141" started-at="2020-08-23T07:58:30 IST" finished-at="2020-08-23T07:59:11 IST">
      <class name="Runner.CreateLeadRunner">
        <test-method status="PASS" signature="setUpClass()[pri:0, instance:Runner.CreateLeadRunner@1f7030a6]" name="setUpClass" is-config="true" duration-ms="185" started-at="2020-08-23T07:58:30 IST" finished-at="2020-08-23T07:58:30 IST">
          <reporter-output>
          </reporter-output>
        </test-method> <!-- setUpClass -->
        <test-method status="PASS" signature="runScenario(cucumber.api.testng.PickleEventWrapper, cucumber.api.testng.CucumberFeatureWrapper)[pri:0, instance:Runner.CreateLeadRunner@1f7030a6]" name="runScenario" duration-ms="15216" started-at="2020-08-23T07:58:30 IST" description="Runs Cucumber Scenarios" data-provider="scenarios" finished-at="2020-08-23T07:58:45 IST">
          <params>
            <param index="0">
              <value>
                <![CDATA["[TC004] Positive flow for Create Lead"]]>
              </value>
            </param>
            <param index="1">
              <value>
                <![CDATA["Create Lead under leads module in Leaftaps application [TS-6523(Like User story ID)]"]]>
              </value>
            </param>
          </params>
          <reporter-output>
          </reporter-output>
        </test-method> <!-- runScenario -->
        <test-method status="PASS" signature="runScenario(cucumber.api.testng.PickleEventWrapper, cucumber.api.testng.CucumberFeatureWrapper)[pri:0, instance:Runner.CreateLeadRunner@1f7030a6]" name="runScenario" duration-ms="13458" started-at="2020-08-23T07:58:45 IST" description="Runs Cucumber Scenarios" data-provider="scenarios" finished-at="2020-08-23T07:58:58 IST">
          <params>
            <param index="0">
              <value>
                <![CDATA["[TC004] Positive flow for Create Lead"]]>
              </value>
            </param>
            <param index="1">
              <value>
                <![CDATA["Create Lead under leads module in Leaftaps application [TS-6523(Like User story ID)]"]]>
              </value>
            </param>
          </params>
          <reporter-output>
          </reporter-output>
        </test-method> <!-- runScenario -->
        <test-method status="PASS" signature="runScenario(cucumber.api.testng.PickleEventWrapper, cucumber.api.testng.CucumberFeatureWrapper)[pri:0, instance:Runner.CreateLeadRunner@1f7030a6]" name="runScenario" duration-ms="12089" started-at="2020-08-23T07:58:58 IST" description="Runs Cucumber Scenarios" data-provider="scenarios" finished-at="2020-08-23T07:59:11 IST">
          <params>
            <param index="0">
              <value>
                <![CDATA["[TC005] Negative flow for Create Lead"]]>
              </value>
            </param>
            <param index="1">
              <value>
                <![CDATA["Create Lead under leads module in Leaftaps application [TS-6523(Like User story ID)]"]]>
              </value>
            </param>
          </params>
          <reporter-output>
          </reporter-output>
        </test-method> <!-- runScenario -->
        <test-method status="PASS" signature="tearDownClass()[pri:0, instance:Runner.CreateLeadRunner@1f7030a6]" name="tearDownClass" is-config="true" duration-ms="72" started-at="2020-08-23T07:59:11 IST" finished-at="2020-08-23T07:59:11 IST">
          <reporter-output>
          </reporter-output>
        </test-method> <!-- tearDownClass -->
      </class> <!-- Runner.CreateLeadRunner -->
    </test> <!-- Default test -->
  </suite> <!-- Default suite -->
</testng-results>
